<?xml version="1.0" encoding="UTF-8"?>
<!-- Generated by org.testng.reporters.JUnitXMLReporter -->
<testsuite hostname="Justas" ignored="0" name="GroupCreationTest" tests="5" failures="5" timestamp="17 Feb 2020 12:52:00 GMT" time="45.286" errors="0">
  <testcase name="testToCreateNewGroup" time="11.288" classname="com.TheGoodGuys.DMS1.AdminCreateGroupTest">
    <failure type="java.lang.AssertionError" message="Group name could not be found in the group list">
      <![CDATA[java.lang.AssertionError: Group name could not be found in the group list
at org.hamcrest.MatcherAssert.assertThat(MatcherAssert.java:26)
at com.TheGoodGuys.DMS1.AdminCreateGroupTest.testToCreateNewGroup(AdminCreateGroupTest.java:77)
... Removed 25 stack frames]]>
    </failure>
  </testcase> <!-- testToCreateNewGroup -->
  <testcase name="testToCreateNewGroup" time="11.749" classname="com.TheGoodGuys.DMS1.AdminCreateGroupTest">
    <failure type="java.lang.AssertionError" message="Group name could not be found in the group list">
      <![CDATA[java.lang.AssertionError: Group name could not be found in the group list
at org.hamcrest.MatcherAssert.assertThat(MatcherAssert.java:26)
at com.TheGoodGuys.DMS1.AdminCreateGroupTest.testToCreateNewGroup(AdminCreateGroupTest.java:77)
... Removed 25 stack frames]]>
    </failure>
  </testcase> <!-- testToCreateNewGroup -->
  <testcase name="testToCreateNewGroup" time="10.947" classname="com.TheGoodGuys.DMS1.AdminCreateGroupTest">
    <failure type="java.lang.AssertionError" message="Group name could not be found in the group list">
      <![CDATA[java.lang.AssertionError: Group name could not be found in the group list
at org.hamcrest.MatcherAssert.assertThat(MatcherAssert.java:26)
at com.TheGoodGuys.DMS1.AdminCreateGroupTest.testToCreateNewGroup(AdminCreateGroupTest.java:77)
... Removed 25 stack frames]]>
    </failure>
  </testcase> <!-- testToCreateNewGroup -->
  <testcase name="testToCreateNewGroup" time="8.479" classname="com.TheGoodGuys.DMS1.AdminCreateGroupTest">
    <failure type="java.lang.AssertionError" message="Group name could not be found in the group list">
      <![CDATA[java.lang.AssertionError: Group name could not be found in the group list
at org.hamcrest.MatcherAssert.assertThat(MatcherAssert.java:26)
at com.TheGoodGuys.DMS1.AdminCreateGroupTest.testToCreateNewGroup(AdminCreateGroupTest.java:77)
... Removed 25 stack frames]]>
    </failure>
  </testcase> <!-- testToCreateNewGroup -->
  <testcase name="testToCreateNewGroup" time="0.084" classname="com.TheGoodGuys.DMS1.AdminCreateGroupTest">
    <failure type="org.openqa.selenium.WebDriverException" message="chrome not reachable
  (Session info: chrome=80.0.3987.87)
Build info: version: &amp;apos;3.141.59&amp;apos;, revision: &amp;apos;e82be7d358&amp;apos;, time: &amp;apos;2018-11-14T08:17:03&amp;apos;
System info: host: &amp;apos;Justas&amp;apos;, ip: &amp;apos;127.0.1.1&amp;apos;, os.name: &amp;apos;Linux&amp;apos;, os.arch: &amp;apos;amd64&amp;apos;, os.version: &amp;apos;5.3.0-28-generic&amp;apos;, java.version: &amp;apos;1.8.0_221&amp;apos;
Driver info: org.openqa.selenium.chrome.ChromeDriver
Capabilities {acceptInsecureCerts: false, browserName: chrome, browserVersion: 80.0.3987.87, chrome: {chromedriverVersion: 80.0.3987.16 (320f6526c1632..., userDataDir: /tmp/.com.google.Chrome.PhcLcF}, goog:chromeOptions: {debuggerAddress: localhost:45697}, javascriptEnabled: true, networkConnectionEnabled: false, pageLoadStrategy: normal, platform: LINUX, platformName: LINUX, proxy: Proxy(), setWindowRect: true, strictFileInteractability: false, timeouts: {implicit: 0, pageLoad: 300000, script: 30000}, unhandledPromptBehavior: dismiss and notify}
Session ID: 17584b2b3fcdafb47f321c1582e6cf02
*** Element info: {Using=id, value=adminGroupNav}">
      <![CDATA[org.openqa.selenium.WebDriverException: chrome not reachable
  (Session info: chrome=80.0.3987.87)
Build info: version: '3.141.59', revision: 'e82be7d358', time: '2018-11-14T08:17:03'
System info: host: 'Justas', ip: '127.0.1.1', os.name: 'Linux', os.arch: 'amd64', os.version: '5.3.0-28-generic', java.version: '1.8.0_221'
Driver info: org.openqa.selenium.chrome.ChromeDriver
Capabilities {acceptInsecureCerts: false, browserName: chrome, browserVersion: 80.0.3987.87, chrome: {chromedriverVersion: 80.0.3987.16 (320f6526c1632..., userDataDir: /tmp/.com.google.Chrome.PhcLcF}, goog:chromeOptions: {debuggerAddress: localhost:45697}, javascriptEnabled: true, networkConnectionEnabled: false, pageLoadStrategy: normal, platform: LINUX, platformName: LINUX, proxy: Proxy(), setWindowRect: true, strictFileInteractability: false, timeouts: {implicit: 0, pageLoad: 300000, script: 30000}, unhandledPromptBehavior: dismiss and notify}
Session ID: 17584b2b3fcdafb47f321c1582e6cf02
*** Element info: {Using=id, value=adminGroupNav}
at org.openqa.selenium.remote.http.W3CHttpResponseCodec.createException(W3CHttpResponseCodec.java:187)
at org.openqa.selenium.remote.http.W3CHttpResponseCodec.decode(W3CHttpResponseCodec.java:122)
at org.openqa.selenium.remote.http.W3CHttpResponseCodec.decode(W3CHttpResponseCodec.java:49)
at org.openqa.selenium.remote.HttpCommandExecutor.execute(HttpCommandExecutor.java:158)
at org.openqa.selenium.remote.service.DriverCommandExecutor.execute(DriverCommandExecutor.java:83)
at org.openqa.selenium.remote.RemoteWebDriver.execute(RemoteWebDriver.java:552)
at org.openqa.selenium.remote.RemoteWebDriver.findElement(RemoteWebDriver.java:323)
at org.openqa.selenium.remote.RemoteWebDriver.findElementById(RemoteWebDriver.java:372)
at org.openqa.selenium.By$ById.findElement(By.java:188)
at org.openqa.selenium.remote.RemoteWebDriver.findElement(RemoteWebDriver.java:315)
at org.openqa.selenium.support.pagefactory.DefaultElementLocator.findElement(DefaultElementLocator.java:69)
at org.openqa.selenium.support.pagefactory.internal.LocatingElementHandler.invoke(LocatingElementHandler.java:38)
at com.sun.proxy.$Proxy11.click(Unknown Source)
at resources.page.AdminNavPage.clickButtonGroups(AdminNavPage.java:39)
at com.TheGoodGuys.DMS1.AdminCreateGroupTest.testToCreateNewGroup(AdminCreateGroupTest.java:68)
... Removed 29 stack frames]]>
    </failure>
  </testcase> <!-- testToCreateNewGroup -->
</testsuite> <!-- GroupCreationTest -->
